<?xml version="1.0" encoding="UTF-8"?>
<!-- Generated by org.testng.reporters.JUnitReportReporter -->
<testsuite hostname="Prashanth" failures="0" tests="1" name="Dummy.DummyTest" time="6.421" errors="0" timestamp="2025-05-09T12:53:22 IST" skipped="0">
  <testcase classname="Dummy.DummyTest" name="AddDummy" time="6.421"/>
  <system-out>
    <![CDATA[Dummy is executed]]>
  </system-out>
</testsuite> <!-- Dummy.DummyTest -->
